0 info it worked if it ends with ok
1 verbose cli [ 'node', '/usr/local/bin/npm', 'install', '--save', 'mogoose' ]
2 info using npm@1.4.28
3 info using node@v0.10.36
4 warn package.json exercise@1.0.0 No description
5 verbose readDependencies using package.json deps
6 verbose cache add [ 'mogoose', null ]
7 verbose cache add name=undefined spec="mogoose" args=["mogoose",null]
8 verbose parsed url { protocol: null,
8 verbose parsed url   slashes: null,
8 verbose parsed url   auth: null,
8 verbose parsed url   host: null,
8 verbose parsed url   port: null,
8 verbose parsed url   hostname: null,
8 verbose parsed url   hash: null,
8 verbose parsed url   search: null,
8 verbose parsed url   query: null,
8 verbose parsed url   pathname: 'mogoose',
8 verbose parsed url   path: 'mogoose',
8 verbose parsed url   href: 'mogoose' }
9 silly lockFile fcb29887-mogoose mogoose
10 verbose lock mogoose /Users/joe2188/.npm/fcb29887-mogoose.lock
11 silly lockFile fcb29887-mogoose mogoose
12 silly lockFile fcb29887-mogoose mogoose
13 verbose addNamed [ 'mogoose', '' ]
14 verbose addNamed [ null, '*' ]
15 silly lockFile 86f971ba-mogoose mogoose@
16 verbose lock mogoose@ /Users/joe2188/.npm/86f971ba-mogoose.lock
17 silly addNameRange { name: 'mogoose', range: '*', hasData: false }
18 verbose request where is /mogoose
19 verbose request registry https://registry.npmjs.org/
20 verbose request id a534534ed33da0d8
21 verbose url raw /mogoose
22 verbose url resolving [ 'https://registry.npmjs.org/', './mogoose' ]
23 verbose url resolved https://registry.npmjs.org/mogoose
24 verbose request where is https://registry.npmjs.org/mogoose
25 info trying registry request attempt 1 at 14:43:35
26 http GET https://registry.npmjs.org/mogoose
27 http 404 https://registry.npmjs.org/mogoose
28 silly registry.get cb [ 404,
28 silly registry.get   { 'content-type': 'application/json',
28 silly registry.get     'cache-control': 'max-age=0',
28 silly registry.get     'content-length': '2',
28 silly registry.get     'accept-ranges': 'bytes',
28 silly registry.get     date: 'Mon, 22 Feb 2016 19:43:35 GMT',
28 silly registry.get     via: '1.1 varnish',
28 silly registry.get     age: '0',
28 silly registry.get     connection: 'keep-alive',
28 silly registry.get     'x-served-by': 'cache-ord1729-ORD',
28 silly registry.get     'x-cache': 'MISS',
28 silly registry.get     'x-cache-hits': '0',
28 silly registry.get     'x-timer': 'S1456170215.073748,VS0,VE304' } ]
29 silly lockFile 86f971ba-mogoose mogoose@
30 silly lockFile 86f971ba-mogoose mogoose@
31 error 404 Not Found
31 error 404
31 error 404 'mogoose' is not in the npm registry.
31 error 404 You should bug the author to publish it
31 error 404 It was specified as a dependency of 'exercise'
31 error 404
31 error 404 Note that you can also install from a
31 error 404 tarball, folder, or http url, or git url.
32 error System Darwin 14.5.0
33 error command "node" "/usr/local/bin/npm" "install" "--save" "mogoose"
34 error cwd /Users/joe2188/dev/exercise
35 error node -v v0.10.36
36 error npm -v 1.4.28
37 error code E404
38 verbose exit [ 1, true ]
